<?xml version="1.0" encoding="UTF-8"?>
<!-- Generated by org.testng.reporters.JUnitReportReporter -->
<testsuite hostname="Abdulraheem" failures="0" tests="11" name="homePage.myTestcases" time="22.721" errors="0" timestamp="2024-08-20T19:22:53 EET" skipped="0">
  <testcase classname="homePage.myTestcases" name="CheckTheDefaultLangugeIsEnglish" time="0.023"/>
  <system-out/>
  <testcase classname="homePage.myTestcases" name="CheckdefaultCurrency" time="0.026"/>
  <system-out/>
  <testcase classname="homePage.myTestcases" name="CheckContactNumber" time="0.020"/>
  <system-out/>
  <testcase classname="homePage.myTestcases" name="CheckQitagLogo" time="0.092"/>
  <system-out/>
  <testcase classname="homePage.myTestcases" name="TestHotelTabIsNotSelected" time="0.018"/>
  <system-out/>
  <testcase classname="homePage.myTestcases" name="CheckDepatureDate" time="0.027"/>
  <system-out/>
  <testcase classname="homePage.myTestcases" name="RandomlyChangeTheLanguage" time="0.832"/>
  <system-out/>
  <testcase classname="homePage.myTestcases" name="FillHotelTab" time="0.344"/>
  <system-out/>
  <testcase classname="homePage.myTestcases" name="RandomlySelectTheNumberOfVistor" time="2.753"/>
  <system-out/>
  <testcase classname="homePage.myTestcases" name="CheckThePageFullyLoaded" time="18.242"/>
  <system-out/>
  <testcase classname="homePage.myTestcases" name="SortItemsLowestToHighestPrice" time="0.344"/>
  <system-out/>
</testsuite> <!-- homePage.myTestcases -->
